<?xml version="1.0" encoding="UTF-8"?>
<!-- Generated by org.testng.reporters.JUnitXMLReporter -->
<testsuite hostname="INDHYDELP029" ignored="29" name="chrome" tests="2" failures="1" timestamp="03 Jun 2018 12:00:15 GMT" time="11.664" errors="0">
  <testcase name="test1" time="10.092" classname="com.demo.testNG.parameters.ParallelTest"/>
  <testcase name="test2" time="11.635" classname="com.demo.testNG.parameters.ParallelTest">
    <failure type="org.openqa.selenium.NoSuchSessionException" message="no such session
  (Driver info: chromedriver=2.36.540470 (e522d04694c7ebea4ba8821272dbef4f9b818c91),platform=Windows NT 10.0.14393 x86_64) (WARNING: The server did not provide any stacktrace information)
Command duration or timeout: 33 milliseconds
Build info: version: &amp;apos;3.4.0&amp;apos;, revision: &amp;apos;unknown&amp;apos;, time: &amp;apos;unknown&amp;apos;
System info: host: &amp;apos;INDHYDELP029&amp;apos;, ip: &amp;apos;192.168.43.245&amp;apos;, os.name: &amp;apos;Windows 10&amp;apos;, os.arch: &amp;apos;amd64&amp;apos;, os.version: &amp;apos;10.0&amp;apos;, java.version: &amp;apos;1.8.0_171&amp;apos;
Driver info: org.openqa.selenium.remote.RemoteWebDriver
Capabilities [{mobileEmulationEnabled=false, hasTouchScreen=false, platform=XP, acceptSslCerts=false, acceptInsecureCerts=false, webStorageEnabled=true, browserName=chrome, takesScreenshot=true, javascriptEnabled=true, setWindowRect=true, unexpectedAlertBehaviour=, applicationCacheEnabled=false, rotatable=false, networkConnectionEnabled=false, chrome={chromedriverVersion=2.36.540470 (e522d04694c7ebea4ba8821272dbef4f9b818c91), userDataDir=C:\Users\pankajs\AppData\Local\Temp\scoped_dir4604_18365}, takesHeapSnapshot=true, pageLoadStrategy=normal, databaseEnabled=false, handlesAlerts=true, version=66.0.3359.181, browserConnectionEnabled=false, nativeEvents=true, webdriver.remote.sessionid=735c64f54accdd15a9accb94da798ab2, locationContextEnabled=true, cssSelectorsEnabled=true}]
Session ID: 735c64f54accdd15a9accb94da798ab2">
      <![CDATA[org.openqa.selenium.NoSuchSessionException: no such session
  (Driver info: chromedriver=2.36.540470 (e522d04694c7ebea4ba8821272dbef4f9b818c91),platform=Windows NT 10.0.14393 x86_64) (WARNING: The server did not provide any stacktrace information)
Command duration or timeout: 33 milliseconds
Build info: version: '3.4.0', revision: 'unknown', time: 'unknown'
System info: host: 'INDHYDELP029', ip: '192.168.43.245', os.name: 'Windows 10', os.arch: 'amd64', os.version: '10.0', java.version: '1.8.0_171'
Driver info: org.openqa.selenium.remote.RemoteWebDriver
Capabilities [{mobileEmulationEnabled=false, hasTouchScreen=false, platform=XP, acceptSslCerts=false, acceptInsecureCerts=false, webStorageEnabled=true, browserName=chrome, takesScreenshot=true, javascriptEnabled=true, setWindowRect=true, unexpectedAlertBehaviour=, applicationCacheEnabled=false, rotatable=false, networkConnectionEnabled=false, chrome={chromedriverVersion=2.36.540470 (e522d04694c7ebea4ba8821272dbef4f9b818c91), userDataDir=C:\Users\pankajs\AppData\Local\Temp\scoped_dir4604_18365}, takesHeapSnapshot=true, pageLoadStrategy=normal, databaseEnabled=false, handlesAlerts=true, version=66.0.3359.181, browserConnectionEnabled=false, nativeEvents=true, webdriver.remote.sessionid=735c64f54accdd15a9accb94da798ab2, locationContextEnabled=true, cssSelectorsEnabled=true}]
Session ID: 735c64f54accdd15a9accb94da798ab2
	at sun.reflect.NativeConstructorAccessorImpl.newInstance0(Native Method)
	at sun.reflect.NativeConstructorAccessorImpl.newInstance(Unknown Source)
	at sun.reflect.DelegatingConstructorAccessorImpl.newInstance(Unknown Source)
	at java.lang.reflect.Constructor.newInstance(Unknown Source)
	at org.openqa.selenium.remote.ErrorHandler.createThrowable(ErrorHandler.java:215)
	at org.openqa.selenium.remote.ErrorHandler.throwIfResponseFailed(ErrorHandler.java:167)
	at org.openqa.selenium.remote.RemoteWebDriver.execute(RemoteWebDriver.java:671)
	at org.openqa.selenium.remote.RemoteWebDriver.execute(RemoteWebDriver.java:694)
	at org.openqa.selenium.remote.RemoteWebDriver.close(RemoteWebDriver.java:523)
	at com.demo.testNG.parameters.ParallelTest.test2(ParallelTest.java:34)
	at sun.reflect.NativeMethodAccessorImpl.invoke0(Native Method)
	at sun.reflect.NativeMethodAccessorImpl.invoke(Unknown Source)
	at sun.reflect.DelegatingMethodAccessorImpl.invoke(Unknown Source)
	at java.lang.reflect.Method.invoke(Unknown Source)
	at org.testng.internal.MethodInvocationHelper.invokeMethod(MethodInvocationHelper.java:108)
	at org.testng.internal.Invoker.invokeMethod(Invoker.java:661)
	at org.testng.internal.Invoker.invokeTestMethod(Invoker.java:869)
	at org.testng.internal.Invoker.invokeTestMethods(Invoker.java:1193)
	at org.testng.internal.TestMethodWorker.invokeTestMethods(TestMethodWorker.java:126)
	at org.testng.internal.TestMethodWorker.run(TestMethodWorker.java:109)
	at java.util.concurrent.ThreadPoolExecutor.runWorker(Unknown Source)
	at java.util.concurrent.ThreadPoolExecutor$Worker.run(Unknown Source)
	at java.lang.Thread.run(Unknown Source)
]]>
    </failure>
  </testcase> <!-- test2 -->
  <testcase name="test3" time="0.0" classname="com.demo.testNG.parameters.ParallelTest">
    <ignored/>
  </testcase> <!-- test3 -->
  <testcase name="thisTestShouldFail" time="0.0" classname="com.demo.testNG.Random.TimeOutInTestNG">
    <ignored/>
  </testcase> <!-- thisTestShouldFail -->
  <testcase name="test4" time="0.0" classname="com.demo.testNG.parameters.ParallelTest">
    <ignored/>
  </testcase> <!-- test4 -->
  <testcase name="f" time="0.0" classname="com.demo.assignments.DataProviderWithExcelTest">
    <ignored/>
  </testcase> <!-- f -->
  <testcase name="test5" time="0.0" classname="com.demo.testNG.parameters.ParallelTest">
    <ignored/>
  </testcase> <!-- test5 -->
  <testcase name="testCase2" time="0.0" classname="com.demo.testNG.Random.TestNGFlow">
    <ignored/>
  </testcase> <!-- testCase2 -->
  <testcase name="test6" time="0.0" classname="com.demo.testNG.parameters.ParallelTest">
    <ignored/>
  </testcase> <!-- test6 -->
  <testcase name="testCase1" time="0.0" classname="com.demo.testNG.Random.TestNGFlow">
    <ignored/>
  </testcase> <!-- testCase1 -->
  <testcase name="method1" time="0.0" classname="com.demo.testNG.Random.GroupsInTestNG">
    <ignored/>
  </testcase> <!-- method1 -->
  <testcase name="method4" time="0.0" classname="com.demo.testNG.Random.GroupsInTestNG">
    <ignored/>
  </testcase> <!-- method4 -->
  <testcase name="test" time="0.0" classname="com.demo.testNG.DP.DataProviderSimple">
    <ignored/>
  </testcase> <!-- test -->
  <testcase name="method3" time="0.0" classname="com.demo.testNG.Random.GroupsInTestNG">
    <ignored/>
  </testcase> <!-- method3 -->
  <testcase name="method5" time="0.0" classname="com.demo.testNG.Random.GroupsInTestNG">
    <ignored/>
  </testcase> <!-- method5 -->
  <testcase name="falseEnabled" time="0.0" classname="com.demo.testNG.Random.SkipTestCase">
    <ignored/>
  </testcase> <!-- falseEnabled -->
  <testcase name="runMultipleTimes" time="0.0" classname="com.demo.testNG.Random.MultipleTimeRunTestNG">
    <ignored/>
  </testcase> <!-- runMultipleTimes -->
  <testcase name="method2" time="0.0" classname="com.demo.testNG.Random.GroupsInTestNG">
    <ignored/>
  </testcase> <!-- method2 -->
  <testcase name="launchdriver" time="0.0" classname="com.demo.webdriver.webpageActions.AutoCompleteActions">
    <ignored/>
  </testcase> <!-- launchdriver -->
  <testcase name="withException" time="0.0" classname="com.demo.testNG.Random.RunTimeExceptionInTestNG">
    <ignored/>
  </testcase> <!-- withException -->
  <testcase name="defaultEnabled" time="0.0" classname="com.demo.testNG.Random.SkipTestCase">
    <ignored/>
  </testcase> <!-- defaultEnabled -->
  <testcase name="thisTestShouldPass" time="0.0" classname="com.demo.testNG.Random.TimeOutInTestNG">
    <ignored/>
  </testcase> <!-- thisTestShouldPass -->
  <testcase name="launchdriver" time="0.0" classname="com.demo.webdriver.webpageActions.ReadTooltip">
    <ignored/>
  </testcase> <!-- launchdriver -->
  <testcase name="parameters" time="0.0" classname="com.demo.testNG.parameters.ParametersInTestNG">
    <ignored/>
  </testcase> <!-- parameters -->
  <testcase name="login" time="0.0" classname="com.demo.testNG.DP.DataProviderWithIterator">
    <ignored/>
  </testcase> <!-- login -->
  <testcase name="mozillaTest" time="0.0" classname="com.demo.testNG.Random.ParallelExecutionInTestNG1">
    <ignored/>
  </testcase> <!-- mozillaTest -->
  <testcase name="f" time="0.0" classname="com.demo.testNG.DP.DataProviderWithExcel">
    <ignored/>
  </testcase> <!-- f -->
  <testcase name="trueEnabled" time="0.0" classname="com.demo.testNG.Random.SkipTestCase">
    <ignored/>
  </testcase> <!-- trueEnabled -->
  <testcase name="testNG" time="0.0" classname="com.demo.testNG.AssertVsVerify.AssertVsVerify">
    <ignored/>
  </testcase> <!-- testNG -->
  <testcase name="chromeTest" time="0.0" classname="com.demo.testNG.Random.ParallelExecutionInTestNG1">
    <ignored/>
  </testcase> <!-- chromeTest -->
  <testcase name="withoutException" time="0.0" classname="com.demo.testNG.Random.RunTimeExceptionInTestNG">
    <ignored/>
  </testcase> <!-- withoutException -->
</testsuite> <!-- chrome -->
